<?xml version="1.0" encoding="UTF-8"?>
<!-- Generated by org.testng.reporters.JUnitReportReporter -->
<testsuite hostname="SHRADDHA" failures="0" tests="2" name="day8.testngexamples.Example6" time="0.012" errors="0" timestamp="2022-10-18T19:30:18 IST" skipped="0">
  <testcase classname="day8.testngexamples.Example6" name="testCase7" time="0.011"/>
  <system-out/>
  <testcase classname="day8.testngexamples.Example6" name="testCase8" time="0.001"/>
  <system-out/>
</testsuite> <!-- day8.testngexamples.Example6 -->
