<?xml version="1.0" encoding="UTF-8"?>
<!-- Generated by org.testng.reporters.JUnitReportReporter -->
<testsuite hostname="SHRADDHA" failures="0" tests="3" name="day8.testngexamples.Example_Param2" time="0.025" errors="0" timestamp="2022-10-19T23:15:02 IST" skipped="0">
  <testcase classname="day8.testngexamples.Example_Param2" name="login" time="0.018"/>
  <system-out/>
  <testcase classname="day8.testngexamples.Example_Param2" name="SendEmail" time="0.003"/>
  <system-out/>
  <testcase classname="day8.testngexamples.Example_Param2" name="logout" time="0.004"/>
  <system-out/>
</testsuite> <!-- day8.testngexamples.Example_Param2 -->
