<?xml version="1.0" encoding="UTF-8"?>
<!-- Generated by org.testng.reporters.JUnitReportReporter -->
<testsuite hostname="SHRADDHA" failures="0" tests="1" name="day8.testngexamples.Example7" time="46.976" errors="0" timestamp="2022-10-18T22:39:45 IST" skipped="0">
  <testcase classname="day8.testngexamples.Example7" name="loginLogoutInActitimeApplication" time="46.976"/>
  <system-out/>
</testsuite> <!-- day8.testngexamples.Example7 -->
