<?xml version="1.0" encoding="UTF-8"?>
<!-- Generated by org.testng.reporters.JUnitReportReporter -->
<testsuite hostname="SHRADDHA" failures="0" tests="1" name="day8.testngexamples.Example2" time="0.009" errors="0" timestamp="2022-10-18T19:10:38 IST" skipped="0">
  <testcase classname="day8.testngexamples.Example2" name="testCase2" time="0.009"/>
  <system-out/>
</testsuite> <!-- day8.testngexamples.Example2 -->
