<?xml version="1.0" encoding="UTF-8"?>
<!-- Generated by org.testng.reporters.JUnitReportReporter -->
<testsuite hostname="SHRADDHA" failures="0" tests="3" name="day8.testngexamples.Example_Param5" time="0.016" errors="0" timestamp="2022-10-19T23:28:52 IST" skipped="0">
  <testcase classname="day8.testngexamples.Example_Param5" name="signIn" time="0.012"/>
  <system-out/>
  <testcase classname="day8.testngexamples.Example_Param5" name="login" time="0.002"/>
  <system-out/>
  <testcase classname="day8.testngexamples.Example_Param5" name="checkNotification" time="0.002"/>
  <system-out/>
</testsuite> <!-- day8.testngexamples.Example_Param5 -->
