<?xml version="1.0" encoding="UTF-8"?>
<!-- Generated by org.testng.reporters.JUnitReportReporter -->
<testsuite hostname="SHRADDHA" failures="0" tests="2" name="day8.testngexamples.Example5" time="0.012" errors="0" timestamp="2022-10-18T19:28:23 IST" skipped="0">
  <testcase classname="day8.testngexamples.Example5" name="testCase5" time="0.011"/>
  <system-out/>
  <testcase classname="day8.testngexamples.Example5" name="testCase6" time="0.001"/>
  <system-out/>
</testsuite> <!-- day8.testngexamples.Example5 -->
