<?xml version="1.0" encoding="UTF-8"?>
<!-- Generated by org.testng.reporters.JUnitReportReporter -->
<testsuite hostname="SHRADDHA" failures="0" tests="5" name="day8.testngexamples.Example_Param1" time="0.017" errors="0" timestamp="2022-10-19T22:25:37 IST" skipped="0">
  <testcase classname="day8.testngexamples.Example_Param1" name="Param1" time="0.001"/>
  <system-out/>
  <testcase classname="day8.testngexamples.Example_Param1" name="Param1" time="0.002"/>
  <system-out/>
  <testcase classname="day8.testngexamples.Example_Param1" name="Param1" time="0.012"/>
  <system-out/>
  <testcase classname="day8.testngexamples.Example_Param1" name="Param1" time="0.001"/>
  <system-out/>
  <testcase classname="day8.testngexamples.Example_Param1" name="Param1" time="0.001"/>
  <system-out/>
</testsuite> <!-- day8.testngexamples.Example_Param1 -->
