<?xml version="1.0" encoding="UTF-8"?>
<!-- Generated by org.testng.reporters.JUnitReportReporter -->
<testsuite hostname="SHRADDHA" failures="0" tests="3" name="day8.testngexamples.Example_Param3" time="0.017" errors="0" timestamp="2022-10-19T23:17:48 IST" skipped="1">
  <testcase classname="day8.testngexamples.Example_Param3" name="param1" time="0.015"/>
  <system-out/>
  <testcase classname="day8.testngexamples.Example_Param3" name="param2" time="0.002"/>
  <system-out/>
  <testcase classname="day8.testngexamples.Example_Param3" name="param3">
    <skipped/>
  </testcase> <!-- param3 -->
  <system-out/>
</testsuite> <!-- day8.testngexamples.Example_Param3 -->
