<?xml version="1.0" encoding="UTF-8"?>
<!-- Generated by org.testng.reporters.JUnitReportReporter -->
<testsuite hostname="SHRADDHA" failures="0" tests="1" name="day8.testngexamples.Example3" time="2.011" errors="0" timestamp="2022-10-18T19:17:30 IST" skipped="0">
  <testcase classname="day8.testngexamples.Example3" name="testCase3" time="2.011"/>
  <system-out/>
</testsuite> <!-- day8.testngexamples.Example3 -->
